

*******************************************************************************
Mon May  4 09:07:10 2020


FIT:    data read from "derivative_test.dat" using 1:2
        format = x:z
        x range restricted to [-4.00000 : -1.00000]
        #datapoints = 10
        residuals are weighted equally (unit weight)

function used for fitting: f(x)
	f(x)=a*x+b
fitted parameters initialized with current variable values

iter      chisq       delta/lim  lambda   a             b            
   0 3.6234620282e+01   0.00e+00  2.04e+00    1.000000e+00   1.000000e+00
   5 1.6925142729e-06   0.00e+00  2.04e+02    9.993658e-01  -9.051619e-01

After 5 iterations the fit converged.
final sum of squares of residuals : 1.69251e-06
rel. change during last iteration : 0

degrees of freedom    (FIT_NDF)                        : 8
rms of residuals      (FIT_STDFIT) = sqrt(WSSR/ndf)    : 0.000459961
variance of residuals (reduced chisquare) = WSSR/ndf   : 2.11564e-07

Final set of parameters            Asymptotic Standard Error
=======================            ==========================
a               = 0.999366         +/- 0.0001682    (0.01683%)
b               = -0.905162        +/- 0.0004544    (0.0502%)

correlation matrix of the fit parameters:
                a      b      
a               1.000 
b               0.947  1.000 


*******************************************************************************
Mon May  4 09:17:50 2020


FIT:    data read from "derivative_test.dat" using 1:3
        format = x:z
        x range restricted to [-2.00000 : -1.00000]
        #datapoints = 3
        residuals are weighted equally (unit weight)

function used for fitting: f(x)
	f(x)=a*x+b
fitted parameters initialized with current variable values

iter      chisq       delta/lim  lambda   a             b            
   0 3.0619221321e+01   0.00e+00  1.25e+00    9.993658e-01  -9.051619e-01
   5 2.0757598849e-11  -1.89e-01  1.25e-05    2.000031e+00  -2.584276e+00

After 5 iterations the fit converged.
final sum of squares of residuals : 2.07576e-11
rel. change during last iteration : -1.88874e-06

degrees of freedom    (FIT_NDF)                        : 1
rms of residuals      (FIT_STDFIT) = sqrt(WSSR/ndf)    : 4.55605e-06
variance of residuals (reduced chisquare) = WSSR/ndf   : 2.07576e-11

Final set of parameters            Asymptotic Standard Error
=======================            ==========================
a               = 2.00003          +/- 1.07e-05     (0.0005351%)
b               = -2.58428         +/- 1.632e-05    (0.0006316%)

correlation matrix of the fit parameters:
                a      b      
a               1.000 
b               0.987  1.000 


*******************************************************************************
Mon May  4 09:19:39 2020


FIT:    data read from "derivative_test.dat" using 1:4
        format = x:z
        x range restricted to [-2.00000 : -1.00000]
        #datapoints = 3
        residuals are weighted equally (unit weight)

function used for fitting: f(x)
	f(x)=a*x+b
fitted parameters initialized with current variable values

iter      chisq       delta/lim  lambda   a             b            
   0 9.2862494801e+01   0.00e+00  2.83e+00    2.000031e+00  -2.584276e+00
   5 2.4814142993e-06  -2.78e-08  2.83e-05    3.993233e+00  -5.126243e+00

After 5 iterations the fit converged.
final sum of squares of residuals : 2.48141e-06
rel. change during last iteration : -2.7803e-13

degrees of freedom    (FIT_NDF)                        : 1
rms of residuals      (FIT_STDFIT) = sqrt(WSSR/ndf)    : 0.00157525
variance of residuals (reduced chisquare) = WSSR/ndf   : 2.48141e-06

Final set of parameters            Asymptotic Standard Error
=======================            ==========================
a               = 3.99323          +/- 0.0037       (0.09266%)
b               = -5.12624         +/- 0.005643     (0.1101%)

correlation matrix of the fit parameters:
                a      b      
a               1.000 
b               0.987  1.000 


*******************************************************************************
Mon May  4 09:21:22 2020


FIT:    data read from "derivative_test.dat" using 1:3
        format = x:z
        x range restricted to [-4.00000 : -1.00000]
        #datapoints = 10
        residuals are weighted equally (unit weight)

function used for fitting: f(x)
	f(x)=a*x+b
fitted parameters initialized with current variable values

iter      chisq       delta/lim  lambda   a             b            
   0 6.1361731242e+02   0.00e+00  8.44e+00    3.993233e+00  -5.126243e+00
   4 1.0924284348e-05  -6.83e-01  8.44e-04    2.000883e+00  -2.582572e+00

After 4 iterations the fit converged.
final sum of squares of residuals : 1.09243e-05
rel. change during last iteration : -6.82893e-06

degrees of freedom    (FIT_NDF)                        : 8
rms of residuals      (FIT_STDFIT) = sqrt(WSSR/ndf)    : 0.00116856
variance of residuals (reduced chisquare) = WSSR/ndf   : 1.36554e-06

Final set of parameters            Asymptotic Standard Error
=======================            ==========================
a               = 2.00088          +/- 0.0004274    (0.02136%)
b               = -2.58257         +/- 0.001154     (0.0447%)

correlation matrix of the fit parameters:
                a      b      
a               1.000 
b               0.947  1.000 
